#
# There is insufficient memory for the Java Runtime Environment to continue.
# Native memory allocation (malloc) failed to allocate 32744 bytes for ChunkPool::allocate
# Possible reasons:
#   The system is out of physical RAM or swap space
#   In 32 bit mode, the process size limit was hit
# Possible solutions:
#   Reduce memory load on the system
#   Increase physical memory or swap space
#   Check if swap backing store is full
#   Use 64 bit Java on a 64 bit OS
#   Decrease Java heap size (-Xmx/-Xms)
#   Decrease number of Java threads
#   Decrease Java thread stack sizes (-Xss)
#   Set larger code cache with -XX:ReservedCodeCacheSize=
# This output file may be truncated or incomplete.
#
#  Out of Memory Error (allocation.cpp:273), pid=14376, tid=13356
#
# JRE version: Java(TM) SE Runtime Environment (8.0_91-b14) (build 1.8.0_91-b14)
# Java VM: Java HotSpot(TM) 64-Bit Server VM (25.91-b14 mixed mode windows-amd64 compressed oops)
# Failed to write core dump. Minidumps are not enabled by default on client versions of Windows
#

---------------  T H R E A D  ---------------

Current thread (0x0000000017576000):  JavaThread "C2 CompilerThread1" daemon [_thread_in_native, id=13356, stack(0x0000000018c80000,0x0000000018d80000)]

Stack: [0x0000000018c80000,0x0000000018d80000]
[error occurred during error reporting (printing stack bounds), id 0xc0000005]

Native frames: (J=compiled Java code, j=interpreted, Vv=VM code, C=native code)


Current CompileTask:
C2:  11635 5035   !   4       java.net.URLClassLoader$1::run (63 bytes)


---------------  P R O C E S S  ---------------

Java Threads: ( => current thread )
  0x000000001aa76800 JavaThread "Live Reload Server" daemon [_thread_in_native, id=15320, stack(0x0000000022050000,0x0000000022150000)]
  0x000000001aa7b800 JavaThread "HikariPool-1 connection adder" daemon [_thread_blocked, id=8056, stack(0x0000000021370000,0x0000000021470000)]
  0x000000001aa7b000 JavaThread "HikariPool-1 housekeeper" daemon [_thread_blocked, id=9780, stack(0x0000000021270000,0x0000000021370000)]
  0x000000001aa7a000 JavaThread "Abandoned connection cleanup thread" daemon [_thread_blocked, id=9368, stack(0x0000000020e70000,0x0000000020f70000)]
  0x000000001aa79800 JavaThread "container-0" [_thread_blocked, id=1436, stack(0x0000000020d70000,0x0000000020e70000)]
  0x000000001aa78000 JavaThread "ContainerBackgroundProcessor[StandardEngine[Tomcat]]" daemon [_thread_blocked, id=18428, stack(0x000000001f540000,0x000000001f640000)]
  0x0000000019ebe000 JavaThread "restartedMain" [_thread_in_vm, id=10680, stack(0x000000001ae90000,0x000000001af90000)]
  0x0000000019ea4000 JavaThread "Thread-0" [_thread_blocked, id=9340, stack(0x000000001ad90000,0x000000001ae90000)]
  0x0000000018d9a800 JavaThread "Service Thread" daemon [_thread_blocked, id=16124, stack(0x0000000019280000,0x0000000019380000)]
  0x0000000018d90800 JavaThread "C1 CompilerThread2" daemon [_thread_blocked, id=13084, stack(0x0000000019180000,0x0000000019280000)]
=>0x0000000017576000 JavaThread "C2 CompilerThread1" daemon [_thread_in_native, id=13356, stack(0x0000000018c80000,0x0000000018d80000)]
  0x0000000017522000 JavaThread "C2 CompilerThread0" daemon [_thread_in_native, id=7820, stack(0x0000000018b80000,0x0000000018c80000)]
  0x0000000017520800 JavaThread "Attach Listener" daemon [_thread_blocked, id=11868, stack(0x0000000018a80000,0x0000000018b80000)]
  0x000000001751f800 JavaThread "Signal Dispatcher" daemon [_thread_blocked, id=4440, stack(0x0000000018980000,0x0000000018a80000)]
  0x0000000017509000 JavaThread "Finalizer" daemon [_thread_blocked, id=11564, stack(0x0000000018790000,0x0000000018890000)]
  0x00000000029a5000 JavaThread "Reference Handler" daemon [_thread_blocked, id=15368, stack(0x0000000018690000,0x0000000018790000)]
  0x00000000028b4800 JavaThread "main" [_thread_blocked, id=12252, stack(0x0000000002780000,0x0000000002880000)]

Other Threads:
  0x00000000174e7000 VMThread [stack: 0x0000000018590000,0x0000000018690000] [id=6156]
  0x0000000018d97800 WatcherThread [stack: 0x0000000019380000,0x0000000019480000] [id=12048]

VM state:not at safepoint (normal execution)

VM Mutex/Monitor currently owned by a thread: None

Heap:
 PSYoungGen      total 261120K, used 206859K [0x00000000d5c00000, 0x00000000e6980000, 0x0000000100000000)
  eden space 246784K, 83% used [0x00000000d5c00000,0x00000000e2602fc0,0x00000000e4d00000)
  from space 14336K, 0% used [0x00000000e4d00000,0x00000000e4d00000,0x00000000e5b00000)
  to   space 10240K, 0% used [0x00000000e5b00000,0x00000000e5b00000,0x00000000e6500000)
 ParOldGen       total 67072K, used 18818K [0x0000000081400000, 0x0000000085580000, 0x00000000d5c00000)
  object space 67072K, 28% used [0x0000000081400000,0x0000000082660a48,0x0000000085580000)
 Metaspace       used 56804K, capacity 59282K, committed 59440K, reserved 1099776K
  class space    used 7774K, capacity 8220K, committed 8240K, reserved 1048576K

Card table byte_map: [0x0000000011d70000,0x0000000012170000] byte_map_base: 0x0000000011966000

Marking Bits: (ParMarkBitMap*) 0x0000000060f72f70
 Begin Bits: [0x0000000012820000, 0x00000000147d0000)
 End Bits:   [0x00000000147d0000, 0x0000000016780000)

Polling page: 0x0000000000e40000

CodeCache: size=245760Kb used=15479Kb max_used=15479Kb free=230280Kb
 bounds [0x00000000029b0000, 0x00000000038e0000, 0x00000000119b0000]
 total_blobs=5184 nmethods=4675 adapters=420
 compilation: enabled

Compilation events (10 events):
Event: 11.564 Thread 0x0000000018d90800 5187       2       java.lang.Integer::toUnsignedString0 (46 bytes)
Event: 11.565 Thread 0x0000000018d90800 nmethod 5187 0x00000000038db610 code [0x00000000038db780, 0x00000000038dba38]
Event: 11.574 Thread 0x0000000018d90800 5188       2       java.lang.Class::copyFields (36 bytes)
Event: 11.575 Thread 0x0000000018d90800 nmethod 5188 0x00000000038dbb90 code [0x00000000038dbd20, 0x00000000038dc198]
Event: 11.587 Thread 0x0000000018d90800 5189       1       org.springframework.orm.jpa.support.PersistenceAnnotationBeanPostProcessor::postProcessBeforeInstantiation (2 bytes)
Event: 11.587 Thread 0x0000000018d90800 nmethod 5189 0x00000000038dc4d0 code [0x00000000038dc620, 0x00000000038dc730]
Event: 11.587 Thread 0x0000000018d90800 5190       1       org.springframework.context.annotation.CommonAnnotationBeanPostProcessor::postProcessBeforeInstantiation (2 bytes)
Event: 11.587 Thread 0x0000000018d90800 nmethod 5190 0x00000000038dc790 code [0x00000000038dc8e0, 0x00000000038dc9f0]
Event: 11.608 Thread 0x0000000018d90800 5191   !   2       com.sun.proxy.$Proxy63::annotationType (29 bytes)
Event: 11.609 Thread 0x0000000018d90800 nmethod 5191 0x00000000038dca50 code [0x00000000038dcbe0, 0x00000000038dce98]

GC Heap History (10 events):
Event: 2.500 GC heap before
{Heap before GC invocations=7 (full 1):
 PSYoungGen      total 142336K, used 4781K [0x00000000d5c00000, 0x00000000df000000, 0x0000000100000000)
  eden space 133120K, 0% used [0x00000000d5c00000,0x00000000d5c00000,0x00000000dde00000)
  from space 9216K, 51% used [0x00000000de700000,0x00000000debab450,0x00000000df000000)
  to   space 9216K, 0% used [0x00000000dde00000,0x00000000dde00000,0x00000000de700000)
 ParOldGen       total 87552K, used 5090K [0x0000000081400000, 0x0000000086980000, 0x00000000d5c00000)
  object space 87552K, 5% used [0x0000000081400000,0x00000000818f8aa8,0x0000000086980000)
 Metaspace       used 21061K, capacity 21572K, committed 21628K, reserved 1069056K
  class space    used 2700K, capacity 2846K, committed 2864K, reserved 1048576K
Event: 2.535 GC heap after
Heap after GC invocations=7 (full 1):
 PSYoungGen      total 142336K, used 0K [0x00000000d5c00000, 0x00000000df000000, 0x0000000100000000)
  eden space 133120K, 0% used [0x00000000d5c00000,0x00000000d5c00000,0x00000000dde00000)
  from space 9216K, 0% used [0x00000000de700000,0x00000000de700000,0x00000000df000000)
  to   space 9216K, 0% used [0x00000000dde00000,0x00000000dde00000,0x00000000de700000)
 ParOldGen       total 45056K, used 5221K [0x0000000081400000, 0x0000000084000000, 0x00000000d5c00000)
  object space 45056K, 11% used [0x0000000081400000,0x00000000819195e0,0x0000000084000000)
 Metaspace       used 21059K, capacity 21566K, committed 21628K, reserved 1069056K
  class space    used 2699K, capacity 2845K, committed 2864K, reserved 1048576K
}
Event: 4.406 GC heap before
{Heap before GC invocations=8 (full 1):
 PSYoungGen      total 142336K, used 133120K [0x00000000d5c00000, 0x00000000df000000, 0x0000000100000000)
  eden space 133120K, 100% used [0x00000000d5c00000,0x00000000dde00000,0x00000000dde00000)
  from space 9216K, 0% used [0x00000000de700000,0x00000000de700000,0x00000000df000000)
  to   space 9216K, 0% used [0x00000000dde00000,0x00000000dde00000,0x00000000de700000)
 ParOldGen       total 45056K, used 5221K [0x0000000081400000, 0x0000000084000000, 0x00000000d5c00000)
  object space 45056K, 11% used [0x0000000081400000,0x00000000819195e0,0x0000000084000000)
 Metaspace       used 26405K, capacity 27464K, committed 27568K, reserved 1073152K
  class space    used 3435K, capacity 3685K, committed 3760K, reserved 1048576K
Event: 4.423 GC heap after
Heap after GC invocations=8 (full 1):
 PSYoungGen      total 142336K, used 9191K [0x00000000d5c00000, 0x00000000e6500000, 0x0000000100000000)
  eden space 133120K, 0% used [0x00000000d5c00000,0x00000000d5c00000,0x00000000dde00000)
  from space 9216K, 99% used [0x00000000dde00000,0x00000000de6f9dd0,0x00000000de700000)
  to   space 10240K, 0% used [0x00000000e5b00000,0x00000000e5b00000,0x00000000e6500000)
 ParOldGen       total 45056K, used 5316K [0x0000000081400000, 0x0000000084000000, 0x00000000d5c00000)
  object space 45056K, 11% used [0x0000000081400000,0x0000000081931018,0x0000000084000000)
 Metaspace       used 26405K, capacity 27464K, committed 27568K, reserved 1073152K
  class space    used 3435K, capacity 3685K, committed 3760K, reserved 1048576K
}
Event: 6.664 GC heap before
{Heap before GC invocations=9 (full 1):
 PSYoungGen      total 142336K, used 142311K [0x00000000d5c00000, 0x00000000e6500000, 0x0000000100000000)
  eden space 133120K, 100% used [0x00000000d5c00000,0x00000000dde00000,0x00000000dde00000)
  from space 9216K, 99% used [0x00000000dde00000,0x00000000de6f9dd0,0x00000000de700000)
  to   space 10240K, 0% used [0x00000000e5b00000,0x00000000e5b00000,0x00000000e6500000)
 ParOldGen       total 45056K, used 5316K [0x0000000081400000, 0x0000000084000000, 0x00000000d5c00000)
  object space 45056K, 11% used [0x0000000081400000,0x0000000081931018,0x0000000084000000)
 Metaspace       used 33357K, capacity 34852K, committed 35120K, reserved 1079296K
  class space    used 4342K, capacity 4651K, committed 4656K, reserved 1048576K
Event: 6.689 GC heap after
Heap after GC invocations=9 (full 1):
 PSYoungGen      total 257024K, used 10208K [0x00000000d5c00000, 0x00000000e6980000, 0x0000000100000000)
  eden space 246784K, 0% used [0x00000000d5c00000,0x00000000d5c00000,0x00000000e4d00000)
  from space 10240K, 99% used [0x00000000e5b00000,0x00000000e64f82d0,0x00000000e6500000)
  to   space 14336K, 0% used [0x00000000e4d00000,0x00000000e4d00000,0x00000000e5b00000)
 ParOldGen       total 45056K, used 11378K [0x0000000081400000, 0x0000000084000000, 0x00000000d5c00000)
  object space 45056K, 25% used [0x0000000081400000,0x0000000081f1ca88,0x0000000084000000)
 Metaspace       used 33357K, capacity 34852K, committed 35120K, reserved 1079296K
  class space    used 4342K, capacity 4651K, committed 4656K, reserved 1048576K
}
Event: 7.017 GC heap before
{Heap before GC invocations=10 (full 1):
 PSYoungGen      total 257024K, used 42399K [0x00000000d5c00000, 0x00000000e6980000, 0x0000000100000000)
  eden space 246784K, 13% used [0x00000000d5c00000,0x00000000d7b6f9c8,0x00000000e4d00000)
  from space 10240K, 99% used [0x00000000e5b00000,0x00000000e64f82d0,0x00000000e6500000)
  to   space 14336K, 0% used [0x00000000e4d00000,0x00000000e4d00000,0x00000000e5b00000)
 ParOldGen       total 45056K, used 11378K [0x0000000081400000, 0x0000000084000000, 0x00000000d5c00000)
  object space 45056K, 25% used [0x0000000081400000,0x0000000081f1ca88,0x0000000084000000)
 Metaspace       used 34317K, capacity 35894K, committed 36048K, reserved 1081344K
  class space    used 4473K, capacity 4800K, committed 4912K, reserved 1048576K
Event: 7.034 GC heap after
Heap after GC invocations=10 (full 1):
 PSYoungGen      total 261120K, used 11385K [0x00000000d5c00000, 0x00000000e6980000, 0x0000000100000000)
  eden space 246784K, 0% used [0x00000000d5c00000,0x00000000d5c00000,0x00000000e4d00000)
  from space 14336K, 79% used [0x00000000e4d00000,0x00000000e581e730,0x00000000e5b00000)
  to   space 10240K, 0% used [0x00000000e5b00000,0x00000000e5b00000,0x00000000e6500000)
 ParOldGen       total 45056K, used 11386K [0x0000000081400000, 0x0000000084000000, 0x00000000d5c00000)
  object space 45056K, 25% used [0x0000000081400000,0x0000000081f1ea88,0x0000000084000000)
 Metaspace       used 34317K, capacity 35894K, committed 36048K, reserved 1081344K
  class space    used 4473K, capacity 4800K, committed 4912K, reserved 1048576K
}
Event: 7.034 GC heap before
{Heap before GC invocations=11 (full 2):
 PSYoungGen      total 261120K, used 11385K [0x00000000d5c00000, 0x00000000e6980000, 0x0000000100000000)
  eden space 246784K, 0% used [0x00000000d5c00000,0x00000000d5c00000,0x00000000e4d00000)
  from space 14336K, 79% used [0x00000000e4d00000,0x00000000e581e730,0x00000000e5b00000)
  to   space 10240K, 0% used [0x00000000e5b00000,0x00000000e5b00000,0x00000000e6500000)
 ParOldGen       total 45056K, used 11386K [0x0000000081400000, 0x0000000084000000, 0x00000000d5c00000)
  object space 45056K, 25% used [0x0000000081400000,0x0000000081f1ea88,0x0000000084000000)
 Metaspace       used 34317K, capacity 35894K, committed 36048K, reserved 1081344K
  class space    used 4473K, capacity 4800K, committed 4912K, reserved 1048576K
Event: 7.109 GC heap after
Heap after GC invocations=11 (full 2):
 PSYoungGen      total 261120K, used 0K [0x00000000d5c00000, 0x00000000e6980000, 0x0000000100000000)
  eden space 246784K, 0% used [0x00000000d5c00000,0x00000000d5c00000,0x00000000e4d00000)
  from space 14336K, 0% used [0x00000000e4d00000,0x00000000e4d00000,0x00000000e5b00000)
  to   space 10240K, 0% used [0x00000000e5b00000,0x00000000e5b00000,0x00000000e6500000)
 ParOldGen       total 67072K, used 18818K [0x0000000081400000, 0x0000000085580000, 0x00000000d5c00000)
  object space 67072K, 28% used [0x0000000081400000,0x0000000082660a48,0x0000000085580000)
 Metaspace       used 34317K, capacity 35894K, committed 36048K, reserved 1081344K
  class space    used 4473K, capacity 4800K, committed 4912K, reserved 1048576K
}

Deoptimization events (10 events):
Event: 10.575 Thread 0x0000000019ebe000 Uncommon trap: reason=class_check action=maybe_recompile pc=0x0000000002b64e30 method=org.springframework.util.ConcurrentReferenceHashMap$Segment.findInChain(Lorg/springframework/util/ConcurrentReferenceHashMap$Reference;Ljava/lang/Object;I)Lorg/springfram„‡⁄À%@
Event: 10.750 Thread 0x0000000019ebe000 Uncommon trap: reason=class_check action=maybe_recompile pc=0x00000000033e56b4 method=org.springframework.util.ConcurrentReferenceHashMap$Segment.findInChain(Lorg/springframework/util/ConcurrentReferenceHashMap$Reference;Ljava/lang/Object;I)Lorg/springfram
Event: 10.751 Thread 0x0000000019ebe000 Uncommon trap: reason=class_check action=maybe_recompile pc=0x00000000033e56b4 method=org.springframework.util.ConcurrentReferenceHashMap$Segment.findInChain(Lorg/springframework/util/ConcurrentReferenceHashMap$Reference;Ljava/lang/Object;I)Lorg/springfram4>R[üç%@
Event: 10.777 Thread 0x0000000019ebe000 Uncommon trap: reason=unstable_if action=reinterpret pc=0x0000000003615128 method=java.util.regex.Pattern$BmpCharProperty.match(Ljava/util/regex/Matcher;ILjava/lang/CharSequence;)Z @ 34
Event: 10.812 Thread 0x0000000019ebe000 Uncommon trap: reason=unstable_if action=reinterpret pc=0x00000000035a9aec method=java.util.StringTokenizer.scanToken(I)I @ 96
Event: 10.845 Thread 0x0000000019ebe000 Uncommon trap: reason=bimorphic action=maybe_recompile pc=0x0000000003547890 method=java.util.Hashtable.get(Ljava/lang/Object;)Ljava/lang/Object; @ 6
Event: 10.848 Thread 0x0000000019ebe000 Uncommon trap: reason=bimorphic action=maybe_recompile pc=0x0000000003547890 method=java.util.Hashtable.get(Ljava/lang/Object;)Ljava/lang/Object; @ 6
Event: 10.850 Thread 0x0000000019ebe000 Uncommon trap: reason=unstable_if action=reinterpret pc=0x0000000002ad3280 method=java.lang.CharacterData.of(I)Ljava/lang/CharacterData; @ 4
Event: 10.998 Thread 0x0000000019ebe000 Uncommon trap: reason=unstable_if action=reinterpret pc=0x0000000003826e74 method=org.springframework.beans.factory.support.AbstractBeanFactory.isTypeMatch(Ljava/lang/String;Lorg/springframework/core/ResolvableType;)Z @ 66
Event: 11.049 Thread 0x0000000019ebe000 Uncommon trap: reason=unstable_if action=reinterpret pc=0x0000000002ee0308 method=org.springframework.asm.Frame.accept(Lorg/springframework/asm/MethodWriter;)V @ 32

Internal exceptions (10 events):
Event: 11.143 Thread 0x0000000019ebe000 Exception <a 'java/lang/ClassNotFoundException': java/lang/ObjectCustomizer> (0x00000000e0e6dcc0) thrown at [C:\re\workspace\8-2-build-windows-amd64-cygwin\jdk8u91\6644\hotspot\src\share\vm\classfile\systemDictionary.cpp, line 210]
Event: 11.144 Thread 0x0000000019ebe000 Exception <a 'java/lang/ClassNotFoundException': org/springframework/security/config/annotation/web/configuration/WebSecurityConfigurationCustomizer> (0x00000000e0e8f8b8) thrown at [C:\re\workspace\8-2-build-windows-amd64-cygwin\jdk8u91\6644\hotspot\src\sh{◊&¨ÅJ&@
Event: 11.146 Thread 0x0000000019ebe000 Exception <a 'java/lang/ClassNotFoundException': org/springframework/security/config/annotation/web/configuration/WebSecurityConfiguration$$EnhancerBySpringCGLIB$$b544ce6eCustomizer> (0x00000000e0ec1b50) thrown at [C:\re\workspace\8-2-build-windows-amd64-cS¨3”@K&@
Event: 11.147 Thread 0x0000000019ebe000 Exception <a 'java/lang/ClassNotFoundException': org/springframework/context/annotation/ConfigurationClassEnhancer$EnhancedConfigurationCustomizer> (0x00000000e0eeb538) thrown at [C:\re\workspace\8-2-build-windows-amd64-cygwin\jdk8u91\6644\hotspot\src\shar¬◊á∫üK&@
Event: 11.148 Thread 0x0000000019ebe000 Exception <a 'java/lang/ClassNotFoundException': org/springframework/beans/factory/BeanFactoryAwareCustomizer> (0x00000000e0f00460) thrown at [C:\re\workspace\8-2-build-windows-amd64-cygwin\jdk8u91\6644\hotspot\src\share\vm\classfile\systemDictionary.cpp, 
Event: 11.149 Thread 0x0000000019ebe000 Exception <a 'java/lang/ClassNotFoundException': org/springframework/beans/factory/AwareCustomizer> (0x00000000e0f13c30) thrown at [C:\re\workspace\8-2-build-windows-amd64-cygwin\jdk8u91\6644\hotspot\src\share\vm\classfile\systemDictionary.cpp, line 210]
Event: 11.149 Thread 0x0000000019ebe000 Exception <a 'java/lang/ClassNotFoundException': org/springframework/context/annotation/ImportAwareCustomizer> (0x00000000e0f28a08) thrown at [C:\re\workspace\8-2-build-windows-amd64-cygwin\jdk8u91\6644\hotspot\src\share\vm\classfile\systemDictionary.cpp, Ä)π‹L&@
Event: 11.150 Thread 0x0000000019ebe000 Exception <a 'java/lang/ClassNotFoundException': org/springframework/beans/factory/AwareCustomizer> (0x00000000e0f3bdc0) thrown at [C:\re\workspace\8-2-build-windows-amd64-cygwin\jdk8u91\6644\hotspot\src\share\vm\classfile\systemDictionary.cpp, line 210]
Event: 11.151 Thread 0x0000000019ebe000 Exception <a 'java/lang/ClassNotFoundException': org/springframework/beans/factory/BeanClassLoaderAwareCustomizer> (0x00000000e0f51a38) thrown at [C:\re\workspace\8-2-build-windows-amd64-cygwin\jdk8u91\6644\hotspot\src\share\vm\classfile\systemDictionary.cªw˝§M&@
Event: 11.152 Thread 0x0000000019ebe000 Exception <a 'java/lang/ClassNotFoundException': org/springframework/beans/factory/AwareCustomizer> (0x00000000e0f64ca8) thrown at [C:\re\workspace\8-2-build-windows-amd64-cygwin\jdk8u91\6644\hotspot\src\share\vm\classfile\systemDictionary.cpp, line 210]

Events (10 events):
Event: 11.625 loading class org/springframework/http/server/ServerHttpResponse
Event: 11.625 loading class org/springframework/http/server/ServerHttpResponse done
Event: 11.627 loading class org/springframework/web/HttpRequestMethodNotSupportedException
Event: 11.627 loading class org/springframework/web/HttpRequestMethodNotSupportedException done
Event: 11.628 loading class org/springframework/web/HttpSessionRequiredException
Event: 11.628 loading class org/springframework/web/HttpSessionRequiredException done
Event: 11.629 loading class org/springframework/web/servlet/resource/ResourceResolverChain
Event: 11.629 loading class org/springframework/web/servlet/resource/ResourceResolverChain done
Event: 11.629 loading class org/springframework/web/servlet/resource/ResourceTransformerChain
Event: 11.629 loading class org/springframework/web/servlet/resource/ResourceTransformerChain done


Dynamic libraries:
0x00007ff636a90000 - 0x00007ff636ac7000 	C:\Program Files\Java\jdk1.8.0_91\jre\bin\java.exe
0x00007ffb76b90000 - 0x00007ffb76d71000 	C:\WINDOWS\SYSTEM32\ntdll.dll
0x00007ffb74f80000 - 0x00007ffb75032000 	C:\WINDOWS\System32\KERNEL32.DLL
0x00007ffb73b80000 - 0x00007ffb73df3000 	C:\WINDOWS\System32\KERNELBASE.dll
0x00007ffb751b0000 - 0x00007ffb75251000 	C:\WINDOWS\System32\ADVAPI32.dll
0x00007ffb74450000 - 0x00007ffb744ee000 	C:\WINDOWS\System32\msvcrt.dll
0x00007ffb747f0000 - 0x00007ffb7484b000 	C:\WINDOWS\System32\sechost.dll
0x00007ffb75080000 - 0x00007ffb751a4000 	C:\WINDOWS\System32\RPCRT4.dll
0x00007ffb74850000 - 0x00007ffb749e0000 	C:\WINDOWS\System32\USER32.dll
0x00007ffb73ab0000 - 0x00007ffb73ad0000 	C:\WINDOWS\System32\win32u.dll
0x00007ffb741c0000 - 0x00007ffb741e8000 	C:\WINDOWS\System32\GDI32.dll
0x00007ffb73910000 - 0x00007ffb73aa2000 	C:\WINDOWS\System32\gdi32full.dll
0x00007ffb73e00000 - 0x00007ffb73e9f000 	C:\WINDOWS\System32\msvcp_win.dll
0x00007ffb73ea0000 - 0x00007ffb73f9a000 	C:\WINDOWS\System32\ucrtbase.dll
0x00007ffb65fd0000 - 0x00007ffb66239000 	C:\WINDOWS\WinSxS\amd64_microsoft.windows.common-controls_6595b64144ccf1df_6.0.17134.590_none_fb3d9bff3069e088\COMCTL32.dll
0x00007ffb74a50000 - 0x00007ffb74d72000 	C:\WINDOWS\System32\combase.dll
0x00007ffb73fa0000 - 0x00007ffb7401a000 	C:\WINDOWS\System32\bcryptPrimitives.dll
0x00007ffb75040000 - 0x00007ffb7506d000 	C:\WINDOWS\System32\IMM32.DLL
0x0000000061000000 - 0x00000000610d2000 	C:\Program Files\Java\jdk1.8.0_91\jre\bin\msvcr100.dll
0x0000000060760000 - 0x0000000060ff3000 	C:\Program Files\Java\jdk1.8.0_91\jre\bin\server\jvm.dll
0x00007ffb75070000 - 0x00007ffb75078000 	C:\WINDOWS\System32\PSAPI.DLL
0x00007ffb65fa0000 - 0x00007ffb65fc3000 	C:\WINDOWS\SYSTEM32\WINMM.dll
0x00007ffb6e800000 - 0x00007ffb6e809000 	C:\WINDOWS\SYSTEM32\WSOCK32.dll
0x00007ffb749e0000 - 0x00007ffb74a4c000 	C:\WINDOWS\System32\WS2_32.dll
0x00007ffb68b30000 - 0x00007ffb68b3a000 	C:\WINDOWS\SYSTEM32\VERSION.dll
0x00007ffb65f70000 - 0x00007ffb65f9a000 	C:\WINDOWS\SYSTEM32\WINMMBASE.dll
0x00007ffb738c0000 - 0x00007ffb73909000 	C:\WINDOWS\System32\cfgmgr32.dll
0x0000000060750000 - 0x000000006075f000 	C:\Program Files\Java\jdk1.8.0_91\jre\bin\verify.dll
0x0000000060720000 - 0x0000000060749000 	C:\Program Files\Java\jdk1.8.0_91\jre\bin\java.dll
0x0000000060700000 - 0x0000000060716000 	C:\Program Files\Java\jdk1.8.0_91\jre\bin\zip.dll
0x00007ffb75720000 - 0x00007ffb76b60000 	C:\WINDOWS\System32\SHELL32.dll
0x00007ffb74d80000 - 0x00007ffb74e29000 	C:\WINDOWS\System32\shcore.dll
0x00007ffb731b0000 - 0x00007ffb738bd000 	C:\WINDOWS\System32\windows.storage.dll
0x00007ffb74e30000 - 0x00007ffb74e81000 	C:\WINDOWS\System32\shlwapi.dll
0x00007ffb72f40000 - 0x00007ffb72f51000 	C:\WINDOWS\System32\kernel.appcore.dll
0x00007ffb72ed0000 - 0x00007ffb72eef000 	C:\WINDOWS\System32\profapi.dll
0x00007ffb72ef0000 - 0x00007ffb72f3c000 	C:\WINDOWS\System32\powrprof.dll
0x00007ffb72ec0000 - 0x00007ffb72eca000 	C:\WINDOWS\System32\FLTLIB.DLL
0x00000000606b0000 - 0x00000000606bd000 	C:\Program Files\Java\jdk1.8.0_91\jre\bin\management.dll
0x00000000606e0000 - 0x00000000606fa000 	C:\Program Files\Java\jdk1.8.0_91\jre\bin\net.dll
0x00007ffb726c0000 - 0x00007ffb72726000 	C:\WINDOWS\system32\mswsock.dll
0x00007ffb64b70000 - 0x00007ffb64b86000 	C:\WINDOWS\system32\napinsp.dll
0x00007ffb64b50000 - 0x00007ffb64b6a000 	C:\WINDOWS\system32\pnrpnsp.dll
0x00007ffb6ea50000 - 0x00007ffb6ea69000 	C:\WINDOWS\system32\NLAapi.dll
0x00007ffb72480000 - 0x00007ffb7253e000 	C:\WINDOWS\SYSTEM32\DNSAPI.dll
0x00007ffb756b0000 - 0x00007ffb756b8000 	C:\WINDOWS\System32\NSI.dll
0x00007ffb72440000 - 0x00007ffb72478000 	C:\WINDOWS\SYSTEM32\IPHLPAPI.DLL
0x00007ffb6eba0000 - 0x00007ffb6ebae000 	C:\WINDOWS\System32\winrnr.dll
0x00007ffb6d0c0000 - 0x00007ffb6d0d5000 	C:\WINDOWS\System32\wshbth.dll
0x00007ffb6c0c0000 - 0x00007ffb6c0ca000 	C:\Windows\System32\rasadhlp.dll
0x00007ffb6c370000 - 0x00007ffb6c3e2000 	C:\WINDOWS\System32\fwpuclnt.dll
0x00007ffb729a0000 - 0x00007ffb729c5000 	C:\WINDOWS\SYSTEM32\bcrypt.dll
0x00000000606c0000 - 0x00000000606d1000 	C:\Program Files\Java\jdk1.8.0_91\jre\bin\nio.dll
0x00007ffb72870000 - 0x00007ffb72887000 	C:\WINDOWS\SYSTEM32\CRYPTSP.dll
0x00007ffb722a0000 - 0x00007ffb722d3000 	C:\WINDOWS\system32\rsaenh.dll
0x00007ffb72da0000 - 0x00007ffb72dc8000 	C:\WINDOWS\SYSTEM32\USERENV.dll
0x00007ffb72890000 - 0x00007ffb7289b000 	C:\WINDOWS\SYSTEM32\CRYPTBASE.dll
0x00007ffb6d0e0000 - 0x00007ffb6d0f6000 	C:\WINDOWS\SYSTEM32\dhcpcsvc6.DLL
0x00007ffb6da60000 - 0x00007ffb6da7a000 	C:\WINDOWS\SYSTEM32\dhcpcsvc.DLL

VM Arguments:
java_command: com.capstone.app.CapstoneApplication
java_class_path (initial): C:\Users\Bailey\Desktop\Capstone\target\classes;C:\Users\Bailey\.m2\repository\org\springframework\boot\spring-boot-starter-data-jpa\2.1.1.RELEASE\spring-boot-starter-data-jpa-2.1.1.RELEASE.jar;C:\Users\Bailey\.m2\repository\org\springframework\boot\spring-boot-starter-aop\2.1.1.RELEASE\spring-boot-starter-aop-2.1.1.RELEASE.jar;C:\Users\Bailey\.m2\repository\org\aspectj\aspectjweaver\1.9.2\aspectjweaver-1.9.2.jar;C:\Users\Bailey\.m2\repository\org\springframework\boot\spring-boot-starter-jdbc\2.1.1.RELEASE\spring-boot-starter-jdbc-2.1.1.RELEASE.jar;C:\Users\Bailey\.m2\repository\com\zaxxer\HikariCP\3.2.0\HikariCP-3.2.0.jar;C:\Users\Bailey\.m2\repository\org\springframework\spring-jdbc\5.1.3.RELEASE\spring-jdbc-5.1.3.RELEASE.jar;C:\Users\Bailey\.m2\repository\javax\transaction\javax.transaction-api\1.3\javax.transaction-api-1.3.jar;C:\Users\Bailey\.m2\repository\javax\xml\bind\jaxb-api\2.3.1\jaxb-api-2.3.1.jar;C:\Users\Bailey\.m2\repository\javax\activation\javax.activation-api\1.2.0\javax.activation-api-1.2.0.jar;C:\Users\Bailey\.m2\repository\org\hibernate\hibernate-core\5.3.7.Final\hibernate-core-5.3.7.Final.jar;C:\Users\Bailey\.m2\repository\org\jboss\logging\jboss-logging\3.3.2.Final\jboss-logging-3.3.2.Final.jar;C:\Users\Bailey\.m2\repository\javax\persistence\javax.persistence-api\2.2\javax.persistence-api-2.2.jar;C:\Users\Bailey\.m2\repository\org\javassist\javassist\3.23.1-GA\javassist-3.23.1-GA.jar;C:\Users\Bailey\.m2\repository\net\bytebuddy\byte-buddy\1.9.5\byte-buddy-1.9.5.jar;C:\Users\Bailey\.m2\repository\antlr\antlr\2.7.7\antlr-2.7.7.jar;C:\Users\Bailey\.m2\repository\org\jboss\jandex\2.0.5.Final\jandex-2.0.5.Final.jar;C:\Users\Bailey\.m2\repository\com\fasterxml\classmate\1.4.0\classmate-1.4.0.jar;C:\Users\Bailey\.m2\repository\org\dom4j\dom4j\2.1.1\dom4j-2.1.1.jar;C:\Users\Bailey\.m2\repository\org\hibernate\common\hibernate-commons-annotations\5.0.4.Final\hibernate-commons-annotations-5.0.4.Final.jar;C:\Users\Bailey\.m2
Launcher Type: SUN_STANDARD

Environment Variables:
PATH=C:/Program Files/Java/jre1.8.0_91/bin/server;C:/Program Files/Java/jre1.8.0_91/bin;C:/Program Files/Java/jre1.8.0_91/lib/amd64;C:\ProgramData\Oracle\Java\javapath;C:\Program Files (x86)\Intel\iCLS Client\;C:\Program Files\Intel\iCLS Client\;C:\Windows\system32;C:\Windows;C:\Windows\System32\Wbem;C:\Windows\System32\WindowsPowerShell\v1.0\;C:\Program Files (x86)\Intel\Intel(R) Management Engine Components\DAL;C:\Program Files\Intel\Intel(R) Management Engine Components\DAL;C:\Program Files (x86)\Intel\Intel(R) Management Engine Components\IPT;C:\Program Files\Intel\Intel(R) Management Engine Components\IPT;C:\Program Files (x86)\NVIDIA Corporation\PhysX\Common;C:\WINDOWS\system32;C:\WINDOWS;C:\WINDOWS\System32\Wbem;C:\WINDOWS\System32\WindowsPowerShell\v1.0\;C:\Program Files\MySQL\MySQL Utilities 1.6\;C:\Program Files\Git\cmd;C:\Program Files (x86)\Skype\Phone\;C:\Program Files\MySQL\MySQL Server 5.7\bin;C:\RailsInstaller\Ruby2.3.0\bin;C:\TDM-GCC-64\bin;C:\xampp\php;C:\ProgramData\ComposerSetup\bin;C:\WINDOWS\System32\OpenSSH\;C:\Program Files\nodejs\;C:\Python27;C:\RailsInstaller\Git\cmd;C:\RailsInstaller\Ruby2.3.3\bin;C:\Users\Bailey\AppData\Local\Microsoft\WindowsApps;C:\Program Files\mysql\mysql server 5.7\binC:\Program Files;C:\Winnt;C:\Winnt\System32;c:\mingw\bin;C:\torch7\bin;C:\Program Files\Sublime Text 3;C:\Users\Bailey\AppData\Local\GitHubDesktop\bin;C:\Users\Bailey\AppData\Local\Microsoft\WindowsApps;C:\Users\Bailey\AppData\Roaming\Composer\vendor\bin;C:\Users\Bailey\AppData\Roaming\npm;C:\Python27;;C:\Program Files (x86)\eclipse;
USERNAME=Bailey
OS=Windows_NT
PROCESSOR_IDENTIFIER=Intel64 Family 6 Model 61 Stepping 4, GenuineIntel



---------------  S Y S T E M  ---------------

OS: Windows 10.0 , 64 bit Build 17134 (10.0.17134.556)

CPU:total 4 (2 cores per cpu, 2 threads per core) family 6 model 61 stepping 4, cmov, cx8, fxsr, mmx, sse, sse2, sse3, ssse3, sse4.1, sse4.2, popcnt, avx, avx2, aes, clmul, erms, 3dnowpref, lzcnt, ht, tsc, tscinvbit, bmi1, bmi2, adx

Memory: 4k page, physical 8301000k(2089804k free), swap 10255816k(4120k free)

vm_info: Java HotSpot(TM) 64-Bit Server VM (25.91-b14) for windows-amd64 JRE (1.8.0_91-b14), built on Apr  1 2016 00:58:32 by "java_re" with MS VC++ 10.0 (VS2010)

time: Fri Apr 12 10:16:51 2019
elapsed time: 11 seconds (0d 0h 0m 11s)

